Graph 1. Initial agent location: (2,2). Dirty squares: (1,2), (2,4), (3,5).
====================================================

|(1, 1)  |	|(2, 1)  |	|(3, 1)  |	|(4, 1)  |	
|(1, 2) d|	|(2, 2)* |	|(3, 2)  |	|(4, 2)  |	
|(1, 3)  |	|(2, 3)  |	|(3, 3)  |	|(4, 3)  |	
|(1, 4)  |	|(2, 4) d|	|(3, 4)  |	|(4, 4)  |	
|(1, 5)  |	|(2, 5)  |	|(3, 5) d|	|(4, 5)  |	
====================================================
First five nodes visited + graph representation: 
[2, 2]

|(1, 1)  |	|(2, 1)  |	|(3, 1)  |	|(4, 1)  |	
|(1, 2) d|	|(2, 2)* |	|(3, 2)  |	|(4, 2)  |	
|(1, 3)  |	|(2, 3)  |	|(3, 3)  |	|(4, 3)  |	
|(1, 4)  |	|(2, 4) d|	|(3, 4)  |	|(4, 4)  |	
|(1, 5)  |	|(2, 5)  |	|(3, 5) d|	|(4, 5)  |	
-------------------------------------
[2, 3]

|(1, 1)  |	|(2, 1)  |	|(3, 1)  |	|(4, 1)  |	
|(1, 2) d|	|(2, 2)  |	|(3, 2)  |	|(4, 2)  |	
|(1, 3)  |	|(2, 3)* |	|(3, 3)  |	|(4, 3)  |	
|(1, 4)  |	|(2, 4) d|	|(3, 4)  |	|(4, 4)  |	
|(1, 5)  |	|(2, 5)  |	|(3, 5) d|	|(4, 5)  |	
-------------------------------------
[2, 1]

|(1, 1)  |	|(2, 1)* |	|(3, 1)  |	|(4, 1)  |	
|(1, 2) d|	|(2, 2)  |	|(3, 2)  |	|(4, 2)  |	
|(1, 3)  |	|(2, 3)  |	|(3, 3)  |	|(4, 3)  |	
|(1, 4)  |	|(2, 4) d|	|(3, 4)  |	|(4, 4)  |	
|(1, 5)  |	|(2, 5)  |	|(3, 5) d|	|(4, 5)  |	
-------------------------------------
[3, 2]

|(1, 1)  |	|(2, 1)  |	|(3, 1)  |	|(4, 1)  |	
|(1, 2) d|	|(2, 2)  |	|(3, 2)* |	|(4, 2)  |	
|(1, 3)  |	|(2, 3)  |	|(3, 3)  |	|(4, 3)  |	
|(1, 4)  |	|(2, 4) d|	|(3, 4)  |	|(4, 4)  |	
|(1, 5)  |	|(2, 5)  |	|(3, 5) d|	|(4, 5)  |	
-------------------------------------
[1, 2]

|(1, 1)  |	|(2, 1)  |	|(3, 1)  |	|(4, 1)  |	
|(1, 2)*d|	|(2, 2)  |	|(3, 2)  |	|(4, 2)  |	
|(1, 3)  |	|(2, 3)  |	|(3, 3)  |	|(4, 3)  |	
|(1, 4)  |	|(2, 4) d|	|(3, 4)  |	|(4, 4)  |	
|(1, 5)  |	|(2, 5)  |	|(3, 5) d|	|(4, 5)  |	
-------------------------------------
====================================================
Nodes created: 96793
Nodes expanded: 27874
Time elapsed: 239.94411873817444 seconds
Solution cost: 6.699999999999999
Final path: [3, 5](sucking) <- [3, 5] <- [2, 5] <- [2, 4](sucking) <- [2, 4] <- [2, 3] <- [1, 3] <- [1, 2](sucking) <- [1, 2] <- [2, 2]
Actions list: Action.SUCK <- Action.RIGHT <- Action.DOWN <- Action.SUCK <- Action.DOWN <- Action.RIGHT <- Action.DOWN <- Action.SUCK <- Action.LEFT <- Action.NONE
Number of moves: 10




Graph 2. Initial agent location: (3,2). Dirty squares: (1,2), (2,1), (2,4), (3,3).
====================================================

|(1, 1)  |	|(2, 1) d|	|(3, 1)  |	|(4, 1)  |	
|(1, 2) d|	|(2, 2)  |	|(3, 2)* |	|(4, 2)  |	
|(1, 3)  |	|(2, 3)  |	|(3, 3) d|	|(4, 3)  |	
|(1, 4)  |	|(2, 4) d|	|(3, 4)  |	|(4, 4)  |	
|(1, 5)  |	|(2, 5)  |	|(3, 5)  |	|(4, 5)  |	
====================================================
First five nodes visited + graph representation: 
[3, 2]

|(1, 1)  |	|(2, 1) d|	|(3, 1)  |	|(4, 1)  |	
|(1, 2) d|	|(2, 2)  |	|(3, 2)* |	|(4, 2)  |	
|(1, 3)  |	|(2, 3)  |	|(3, 3) d|	|(4, 3)  |	
|(1, 4)  |	|(2, 4) d|	|(3, 4)  |	|(4, 4)  |	
|(1, 5)  |	|(2, 5)  |	|(3, 5)  |	|(4, 5)  |	
-------------------------------------
[3, 3]

|(1, 1)  |	|(2, 1) d|	|(3, 1)  |	|(4, 1)  |	
|(1, 2) d|	|(2, 2)  |	|(3, 2)  |	|(4, 2)  |	
|(1, 3)  |	|(2, 3)  |	|(3, 3)*d|	|(4, 3)  |	
|(1, 4)  |	|(2, 4) d|	|(3, 4)  |	|(4, 4)  |	
|(1, 5)  |	|(2, 5)  |	|(3, 5)  |	|(4, 5)  |	
-------------------------------------
[3, 1]

|(1, 1)  |	|(2, 1) d|	|(3, 1)* |	|(4, 1)  |	
|(1, 2) d|	|(2, 2)  |	|(3, 2)  |	|(4, 2)  |	
|(1, 3)  |	|(2, 3)  |	|(3, 3) d|	|(4, 3)  |	
|(1, 4)  |	|(2, 4) d|	|(3, 4)  |	|(4, 4)  |	
|(1, 5)  |	|(2, 5)  |	|(3, 5)  |	|(4, 5)  |	
-------------------------------------
[4, 2]

|(1, 1)  |	|(2, 1) d|	|(3, 1)  |	|(4, 1)  |	
|(1, 2) d|	|(2, 2)  |	|(3, 2)  |	|(4, 2)* |	
|(1, 3)  |	|(2, 3)  |	|(3, 3) d|	|(4, 3)  |	
|(1, 4)  |	|(2, 4) d|	|(3, 4)  |	|(4, 4)  |	
|(1, 5)  |	|(2, 5)  |	|(3, 5)  |	|(4, 5)  |	
-------------------------------------
[2, 2]

|(1, 1)  |	|(2, 1) d|	|(3, 1)  |	|(4, 1)  |	
|(1, 2) d|	|(2, 2)* |	|(3, 2)  |	|(4, 2)  |	
|(1, 3)  |	|(2, 3)  |	|(3, 3) d|	|(4, 3)  |	
|(1, 4)  |	|(2, 4) d|	|(3, 4)  |	|(4, 4)  |	
|(1, 5)  |	|(2, 5)  |	|(3, 5)  |	|(4, 5)  |	
-------------------------------------
====================================================
Nodes created: 365987
Nodes expanded: 103061
Time elapsed: 3600.219456911087 seconds
The solution was not found within an hour
