

Graph 1
====================================================


|(1, 1)  |	|(2, 1)  |	|(3, 1)  |	|(4, 1)  |	
|(1, 2) d|	|(2, 2)* |	|(3, 2)  |	|(4, 2)  |	
|(1, 3)  |	|(2, 3)  |	|(3, 3)  |	|(4, 3)  |	
|(1, 4)  |	|(2, 4) d|	|(3, 4)  |	|(4, 4)  |	
|(1, 5)  |	|(2, 5)  |	|(3, 5) d|	|(4, 5)  |	

====================================================
First five nodes visited: [[2, 2], [2, 2], [2, 1], [1, 2], [1, 2]]
====================================================
Nodes created: 48
Nodes Expanded: 59
Time Elapsed: 0.0003349539999999984 seconds
====================================================
Solution Sequence: ['LEFT', 'SUCK', 'DOWN', 'DOWN', 'DOWN', 'RIGHT', 'UP', 'SUCK', 'DOWN', 'RIGHT', 'SUCK']
Number of moves: 11
Solution Cost: 8.200000000000001
====================================================


Graph 2
====================================================


|(1, 1)  |	|(2, 1) d|	|(3, 1)  |	|(4, 1)  |	
|(1, 2) d|	|(2, 2)  |	|(3, 2)* |	|(4, 2)  |	
|(1, 3)  |	|(2, 3)  |	|(3, 3) d|	|(4, 3)  |	
|(1, 4)  |	|(2, 4) d|	|(3, 4)  |	|(4, 4)  |	
|(1, 5)  |	|(2, 5)  |	|(3, 5)  |	|(4, 5)  |	

====================================================
First five nodes visited: [[3, 2], [3, 2], [3, 1], [2, 2], [3, 3]]
====================================================
Nodes created: 44
Nodes Expanded: 44
Time Elapsed: 0.00015419299999999692 seconds
====================================================
Solution Sequence: ['DOWN', 'SUCK', 'DOWN', 'LEFT', 'SUCK', 'UP', 'UP', 'UP', 'SUCK', 'LEFT', 'DOWN', 'SUCK']
Number of moves: 12
Solution Cost: 8.899999999999999
====================================================
